[debug] [2023-12-04T12:41:48.973Z] ----------------------------------------------------------------------
[debug] [2023-12-04T12:41:48.976Z] Command:       /usr/local/bin/node /usr/local/bin/firebase init
[debug] [2023-12-04T12:41:48.976Z] CLI Version:   12.9.1
[debug] [2023-12-04T12:41:48.976Z] Platform:      darwin
[debug] [2023-12-04T12:41:48.976Z] Node Version:  v20.10.0
[debug] [2023-12-04T12:41:48.976Z] Time:          Mon Dec 04 2023 19:41:48 GMT+0700 (Indochina Time)
[debug] [2023-12-04T12:41:48.977Z] ----------------------------------------------------------------------
[debug] 
[debug] [2023-12-04T12:41:48.981Z] > command requires scopes: ["email","openid","https://www.googleapis.com/auth/cloudplatformprojects.readonly","https://www.googleapis.com/auth/firebase","https://www.googleapis.com/auth/cloud-platform"]
[debug] [2023-12-04T12:41:48.981Z] > authorizing via signed-in user (lienminh9697@gmail.com)
[info] 
     ######## #### ########  ######## ########     ###     ######  ########
     ##        ##  ##     ## ##       ##     ##  ##   ##  ##       ##
     ######    ##  ########  ######   ########  #########  ######  ######
     ##        ##  ##    ##  ##       ##     ## ##     ##       ## ##
     ##       #### ##     ## ######## ########  ##     ##  ######  ########

You're about to initialize a Firebase project in this directory:

  /Users/trongthuong96/webbookGUI

[info] 
=== Project Setup
[info] 
[info] First, let's associate this project directory with a Firebase project.
[info] You can create multiple project aliases by running firebase use --add, 
[info] but for now we'll just set up a default project.
[info] 
[debug] [2023-12-04T12:42:09.404Z] >>> [apiv2][query] GET https://firebase.googleapis.com/v1beta1/projects pageSize=100
[debug] [2023-12-04T12:42:10.126Z] <<< [apiv2][status] GET https://firebase.googleapis.com/v1beta1/projects 200
[debug] [2023-12-04T12:42:10.127Z] <<< [apiv2][body] GET https://firebase.googleapis.com/v1beta1/projects [omitted]
[info] i  Using project web-book-583f4 (web-book) 
[info] 
=== Hosting Setup
[debug] [2023-12-04T12:42:13.411Z] >>> [apiv2][query] GET https://firebase.googleapis.com/v1beta1/projects/web-book-583f4 [none]
[debug] [2023-12-04T12:42:13.676Z] <<< [apiv2][status] GET https://firebase.googleapis.com/v1beta1/projects/web-book-583f4 200
[debug] [2023-12-04T12:42:13.676Z] <<< [apiv2][body] GET https://firebase.googleapis.com/v1beta1/projects/web-book-583f4 {"projectId":"web-book-583f4","projectNumber":"313387434080","displayName":"web-book","name":"projects/web-book-583f4","resources":{"hostingSite":"web-book-583f4"},"state":"ACTIVE","etag":"1_789dc056-f513-47b6-8b04-4951235d8a8f"}
[info] 
[info] Your public directory is the folder (relative to your project directory) that
[info] will contain Hosting assets to be uploaded with firebase deploy. If you
[info] have a build process for your assets, use your build's output directory.
[info] 
[debug] [2023-12-04T12:42:30.438Z] >>> [apiv2][query] GET https://www.gstatic.com/firebasejs/releases.json [none]
[debug] [2023-12-04T12:42:30.593Z] <<< [apiv2][status] GET https://www.gstatic.com/firebasejs/releases.json 200
[debug] [2023-12-04T12:42:30.594Z] <<< [apiv2][body] GET https://www.gstatic.com/firebasejs/releases.json {"current":{"version":"10.7.0","browserURL":"https://www.gstatic.com/firebasejs/10.7.0/firebase.js","packageURL":"https://www.gstatic.com/firebasejs/10.7.0/firebase.tgz"},"live":{"version":"10.7","browserURL":"https://www.gstatic.com/firebasejs/live/10.7/firebase.js","packageURL":"https://www.gstatic.com/firebasejs/live/10.7/firebase.tgz"},"components":{"analytics":"https://www.gstatic.com/firebasejs/10.7.0/firebase-analytics.js","app":"https://www.gstatic.com/firebasejs/10.7.0/firebase-app.js","app-check":"https://www.gstatic.com/firebasejs/10.7.0/firebase-app-check.js","auth":"https://www.gstatic.com/firebasejs/10.7.0/firebase-auth.js","auth/cordova":"https://www.gstatic.com/firebasejs/10.7.0/firebase-auth/cordova.js","functions":"https://www.gstatic.com/firebasejs/10.7.0/firebase-functions.js","firestore":"https://www.gstatic.com/firebasejs/10.7.0/firebase-firestore.js","firestore/lite":"https://www.gstatic.com/firebasejs/10.7.0/firebase-firestore/lite.js","installations":"https://www.gstatic.com/firebasejs/10.7.0/firebase-installations.js","storage":"https://www.gstatic.com/firebasejs/10.7.0/firebase-storage.js","performance":"https://www.gstatic.com/firebasejs/10.7.0/firebase-performance.js","remote-config":"https://www.gstatic.com/firebasejs/10.7.0/firebase-remote-config.js","messaging":"https://www.gstatic.com/firebasejs/10.7.0/firebase-messaging.js","messaging/sw":"https://www.gstatic.com/firebasejs/10.7.0/firebase-messaging/sw.js","database":"https://www.gstatic.com/firebasejs/10.7.0/firebase-database.js","firestore.memory":"https://www.gstatic.com/firebasejs/10.7.0/firebase-firestore.memory.js"}}
[info] ✔  Wrote y/index.html 
[info] 
[info] i  Detected a .git folder at /Users/trongthuong96/webbookGUI 
[info] i  Authorizing with GitHub to upload your service account to a GitHub repository's secrets store. 
[info] 
[info] Visit this URL on this device to log in:
[info] https://github.com/login/oauth/authorize?client_id=89cf50f02ac6aaed3484&state=288815371&redirect_uri=http%3A%2F%2Flocalhost%3A9005&scope=read%3Auser%20repo%20public_repo
[info] 
[info] Waiting for authentication...
[debug] [2023-12-04T12:42:38.637Z] >>> [apiv2][query] POST https://github.com/login/oauth/access_token [none]
[debug] [2023-12-04T12:42:38.638Z] >>> [apiv2][body] POST https://github.com/login/oauth/access_token [stream]
[debug] [2023-12-04T12:42:39.272Z] <<< [apiv2][status] POST https://github.com/login/oauth/access_token 200
[debug] [2023-12-04T12:42:39.273Z] <<< [apiv2][body] POST https://github.com/login/oauth/access_token {"access_token":"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","token_type":"bearer","scope":"read:user,repo"}
[debug] [2023-12-04T12:42:39.278Z] >>> [apiv2][query] GET https://api.github.com/user [none]
[debug] [2023-12-04T12:42:39.908Z] <<< [apiv2][status] GET https://api.github.com/user 200
[debug] [2023-12-04T12:42:39.909Z] <<< [apiv2][body] GET https://api.github.com/user {"login":"trongthuong96","id":25998288,"node_id":"MDQ6VXNlcjI1OTk4Mjg4","avatar_url":"https://avatars.githubusercontent.com/u/25998288?v=4","gravatar_id":"","url":"https://api.github.com/users/trongthuong96","html_url":"https://github.com/trongthuong96","followers_url":"https://api.github.com/users/trongthuong96/followers","following_url":"https://api.github.com/users/trongthuong96/following{/other_user}","gists_url":"https://api.github.com/users/trongthuong96/gists{/gist_id}","starred_url":"https://api.github.com/users/trongthuong96/starred{/owner}{/repo}","subscriptions_url":"https://api.github.com/users/trongthuong96/subscriptions","organizations_url":"https://api.github.com/users/trongthuong96/orgs","repos_url":"https://api.github.com/users/trongthuong96/repos","events_url":"https://api.github.com/users/trongthuong96/events{/privacy}","received_events_url":"https://api.github.com/users/trongthuong96/received_events","type":"User","site_admin":false,"name":"trongthuong96","company":null,"blog":"","location":"Ho Chi Minh, Viet Nam","email":"dotrongthuong8@gmail.com","hireable":null,"bio":null,"twitter_username":null,"public_repos":19,"public_gists":1,"followers":1,"following":0,"created_at":"2017-02-24T06:43:43Z","updated_at":"2023-11-18T14:22:26Z","private_gists":1,"total_private_repos":9,"owned_private_repos":9,"disk_usage":371033,"collaborators":0,"two_factor_authentication":false,"plan":{"name":"free","space":976562499,"collaborators":0,"private_repos":10000}}
[info] 
[info] ✔  Success! Logged into GitHub as trongthuong96 
[info] 
[debug] [2023-12-04T12:42:44.352Z] >>> [apiv2][query] GET https://api.github.com/repos/y/actions/secrets/public-key type=owner
[debug] [2023-12-04T12:42:44.706Z] <<< [apiv2][status] GET https://api.github.com/repos/y/actions/secrets/public-key 404
[debug] [2023-12-04T12:42:44.706Z] <<< [apiv2][body] GET https://api.github.com/repos/y/actions/secrets/public-key {"message":"Not Found","documentation_url":"https://docs.github.com/rest"}
[info] 
[info] 
[error] ⚠  The provided authorization cannot be used with this repository. If this repository is in an organization, did you remember to grant access? 
[info] 
[info] i  Action required: Visit this URL to ensure access has been granted to the appropriate organization(s) for the Firebase CLI GitHub OAuth App: 
[info] https://github.com/settings/connections/applications/89cf50f02ac6aaed3484
[info] 
